
/home/runner/work/exp-clipping-polygon-iiith/exp-clipping-polygon-iiith/experiment/simulation/main.js
   21:5   warning  'x' is assigned a value but never used            no-unused-vars
   22:5   warning  'y' is assigned a value but never used            no-unused-vars
   65:2   warning  Unnecessary semicolon                             no-extra-semi
   70:5   warning  'inside' is assigned a value but never used       no-unused-vars
   76:5   warning  'ifCompleted' is assigned a value but never used  no-unused-vars
   81:1   warning  'transitionIteration' is not defined              no-undef
   82:5   warning  'previoustransitionIteration' is not defined      no-undef
  181:46  warning  'bottomleft_rect_x' is not defined                no-undef
  200:9   warning  'transitionIteration' is not defined              no-undef
  481:27  warning  'transitionIteration' is not defined              no-undef
  711:10  warning  Unnecessary semicolon                             no-extra-semi
  767:5   warning  'transitionIteration' is not defined              no-undef
  768:9   warning  'previoustransitionIteration' is not defined      no-undef
  812:5   warning  'transitionIteration' is not defined              no-undef
  812:27  warning  'previoustransitionIteration' is not defined      no-undef
  830:5   warning  'previoustransitionIteration' is not defined      no-undef
  830:48  warning  'transitionIteration' is not defined              no-undef
  841:5   warning  'transitionIteration' is not defined              no-undef

✖ 18 problems (0 errors, 18 warnings)
  0 errors and 2 warnings potentially fixable with the `--fix` option.

